1696443026260:help
1696443057934:exit
1696444034819:help
1696444072121:minimum-free-disk-space
1696444102909:hallo
1696444110780:to-lowercase Hallo Welt
1696444183351:to-lowercase 'Hallo Welt'
1696444208740:to-lowercase "hallo Welt Hi"
1696444215096:exit
1696444831577:help
1696444844060:minimum-free-disk-space
1696444856355:free-disk-space
1696445525009:exit
1696498356454:help
1696498359304:exit
1696706471876:help
1696706486138:show-photo unicorn001
1696706598938:show-photo unicorn002
1696706618152:show-photo unicorn001
1696706639073:show-photo unicorn005
1698311532154:exit
1698433225277:show-photo unicorn001
1698433232466:help
1698433296377:exit
1698697327453:help
1698697335467:exit
1698928116792:upload-photo
1698928182448:upload-photo '/home/raphael/Bilder/Gustav Pressbacken/20200421_alle Pressbacken.jpg'
1698928334932:exit
1699983467089:help
1699983476727:user-home
1699992082241:help
1699992093113:minimum-free-disk-space
1700235788211:help
1700235795931:minimum-free-disk-space
1700235798705:exit
1700239254965:minimum-free-disk-space
1700239392086:exit
1702385279605:exists
1702385309635:exists "c:/"
1702385357259:exists "e:/"
1702385369867:exists "z:/"
1702662492678:help
